[0.219s] Invoking command in '/home/maria/Desktop/projects/ros/build/my_turtlebot_package': CMAKE_PREFIX_PATH=/home/maria/Desktop/projects/ros/install/my_turtlebot_package:/opt/ros/foxy /usr/bin/cmake /home/maria/Desktop/projects/ros/src/my_turtlebot_package -DCMAKE_INSTALL_PREFIX=/home/maria/Desktop/projects/ros/install/my_turtlebot_package
[0.413s] -- The C compiler identification is GNU 9.4.0
[0.551s] -- The CXX compiler identification is GNU 9.4.0
[0.562s] -- Check for working C compiler: /usr/bin/cc
[0.642s] -- Check for working C compiler: /usr/bin/cc -- works
[0.644s] -- Detecting C compiler ABI info
[0.728s] -- Detecting C compiler ABI info - done
[0.746s] -- Detecting C compile features
[0.747s] -- Detecting C compile features - done
[0.752s] -- Check for working CXX compiler: /usr/bin/c++
[0.831s] -- Check for working CXX compiler: /usr/bin/c++ -- works
[0.833s] -- Detecting CXX compiler ABI info
[0.921s] -- Detecting CXX compiler ABI info - done
[0.938s] -- Detecting CXX compile features
[0.938s] -- Detecting CXX compile features - done
[0.942s] -- Found ament_cmake: 0.9.12 (/opt/ros/foxy/share/ament_cmake/cmake)
[0.974s] -- Found PythonInterp: /usr/bin/python3 (found suitable version "3.8.10", minimum required is "3") 
[0.974s] -- Using PYTHON_EXECUTABLE: /usr/bin/python3
[1.236s] CMake Error at CMakeLists.txt:20 (find_package):
[1.237s]   By not providing "Findros2_control.cmake" in CMAKE_MODULE_PATH this project
[1.237s]   has asked CMake to find a package configuration file provided by
[1.237s]   "ros2_control", but CMake did not find one.
[1.237s] 
[1.237s]   Could not find a package configuration file provided by "ros2_control" with
[1.237s]   any of the following names:
[1.238s] 
[1.238s]     ros2_controlConfig.cmake
[1.238s]     ros2_control-config.cmake
[1.238s] 
[1.238s]   Add the installation prefix of "ros2_control" to CMAKE_PREFIX_PATH or set
[1.238s]   "ros2_control_DIR" to a directory containing one of the above files.  If
[1.238s]   "ros2_control" provides a separate development package or SDK, be sure it
[1.238s]   has been installed.
[1.238s] 
[1.239s] 
[1.239s] -- Configuring incomplete, errors occurred!
[1.239s] See also "/home/maria/Desktop/projects/ros/build/my_turtlebot_package/CMakeFiles/CMakeOutput.log".
[1.242s] Invoked command in '/home/maria/Desktop/projects/ros/build/my_turtlebot_package' returned '1': CMAKE_PREFIX_PATH=/home/maria/Desktop/projects/ros/install/my_turtlebot_package:/opt/ros/foxy /usr/bin/cmake /home/maria/Desktop/projects/ros/src/my_turtlebot_package -DCMAKE_INSTALL_PREFIX=/home/maria/Desktop/projects/ros/install/my_turtlebot_package
