[2.969s] DEBUG:colcon:Command line arguments: ['/usr/bin/colcon', 'build']
[2.969s] DEBUG:colcon:Parsed command line arguments: Namespace(allow_overriding=[], ament_cmake_args=None, base_paths=['.'], build_base='build', catkin_cmake_args=None, catkin_skip_building_tests=False, cmake_args=None, cmake_clean_cache=False, cmake_clean_first=False, cmake_force_configure=False, cmake_target=None, cmake_target_skip_unavailable=False, continue_on_error=False, event_handlers=None, executor='parallel', ignore_user_meta=False, install_base='install', log_base=None, log_level=None, main=<bound method BuildVerb.main of <colcon_core.verb.build.BuildVerb object at 0x7f89994d8d30>>, merge_install=False, metas=['./colcon.meta'], packages_above=None, packages_above_and_dependencies=None, packages_above_depth=None, packages_end=None, packages_ignore=None, packages_ignore_regex=None, packages_select=None, packages_select_build_failed=False, packages_select_by_dep=None, packages_select_regex=None, packages_select_test_failures=False, packages_skip=None, packages_skip_build_finished=False, packages_skip_by_dep=None, packages_skip_regex=None, packages_skip_test_passed=False, packages_skip_up_to=None, packages_start=None, packages_up_to=None, packages_up_to_regex=None, parallel_workers=12, paths=None, symlink_install=False, test_result_base=None, verb_extension=<colcon_core.verb.build.BuildVerb object at 0x7f89994d8d30>, verb_name='build', verb_parser=<colcon_defaults.argument_parser.defaults.DefaultArgumentsDecorator object at 0x7f89990fff40>)
[3.094s] Level 1:colcon.colcon_core.package_discovery:discover_packages(colcon_meta) check parameters
[3.094s] Level 1:colcon.colcon_core.package_discovery:discover_packages(recursive) check parameters
[3.094s] Level 1:colcon.colcon_core.package_discovery:discover_packages(ignore) check parameters
[3.094s] Level 1:colcon.colcon_core.package_discovery:discover_packages(path) check parameters
[3.094s] Level 1:colcon.colcon_core.package_discovery:discover_packages(colcon_meta) discover
[3.095s] Level 1:colcon.colcon_core.package_discovery:discover_packages(recursive) discover
[3.095s] INFO:colcon.colcon_core.package_discovery:Crawling recursively for packages in '/home/maria/Desktop/projects/ros'
[3.095s] Level 1:colcon.colcon_core.package_identification:_identify(.) by extensions ['ignore', 'ignore_ament_install']
[3.095s] Level 1:colcon.colcon_core.package_identification:_identify(.) by extension 'ignore'
[3.095s] Level 1:colcon.colcon_core.package_identification:_identify(.) by extension 'ignore_ament_install'
[3.095s] Level 1:colcon.colcon_core.package_identification:_identify(.) by extensions ['colcon_pkg']
[3.095s] Level 1:colcon.colcon_core.package_identification:_identify(.) by extension 'colcon_pkg'
[3.095s] Level 1:colcon.colcon_core.package_identification:_identify(.) by extensions ['colcon_meta']
[3.095s] Level 1:colcon.colcon_core.package_identification:_identify(.) by extension 'colcon_meta'
[3.095s] Level 1:colcon.colcon_core.package_identification:_identify(.) by extensions ['ros']
[3.095s] Level 1:colcon.colcon_core.package_identification:_identify(.) by extension 'ros'
[3.107s] Level 1:colcon.colcon_core.package_identification:_identify(.) by extensions ['cmake', 'python']
[3.107s] Level 1:colcon.colcon_core.package_identification:_identify(.) by extension 'cmake'
[3.107s] Level 1:colcon.colcon_core.package_identification:_identify(.) by extension 'python'
[3.107s] Level 1:colcon.colcon_core.package_identification:_identify(.) by extensions ['python_setup_py']
[3.107s] Level 1:colcon.colcon_core.package_identification:_identify(.) by extension 'python_setup_py'
[3.107s] Level 1:colcon.colcon_core.package_identification:_identify(build) by extensions ['ignore', 'ignore_ament_install']
[3.108s] Level 1:colcon.colcon_core.package_identification:_identify(build) by extension 'ignore'
[3.108s] Level 1:colcon.colcon_core.package_identification:_identify(build) ignored
[3.108s] Level 1:colcon.colcon_core.package_identification:_identify(install) by extensions ['ignore', 'ignore_ament_install']
[3.108s] Level 1:colcon.colcon_core.package_identification:_identify(install) by extension 'ignore'
[3.108s] Level 1:colcon.colcon_core.package_identification:_identify(install) ignored
[3.108s] Level 1:colcon.colcon_core.package_identification:_identify(log) by extensions ['ignore', 'ignore_ament_install']
[3.108s] Level 1:colcon.colcon_core.package_identification:_identify(log) by extension 'ignore'
[3.108s] Level 1:colcon.colcon_core.package_identification:_identify(log) ignored
[3.108s] Level 1:colcon.colcon_core.package_identification:_identify(src) by extensions ['ignore', 'ignore_ament_install']
[3.108s] Level 1:colcon.colcon_core.package_identification:_identify(src) by extension 'ignore'
[3.108s] Level 1:colcon.colcon_core.package_identification:_identify(src) by extension 'ignore_ament_install'
[3.108s] Level 1:colcon.colcon_core.package_identification:_identify(src) by extensions ['colcon_pkg']
[3.108s] Level 1:colcon.colcon_core.package_identification:_identify(src) by extension 'colcon_pkg'
[3.108s] Level 1:colcon.colcon_core.package_identification:_identify(src) by extensions ['colcon_meta']
[3.108s] Level 1:colcon.colcon_core.package_identification:_identify(src) by extension 'colcon_meta'
[3.108s] Level 1:colcon.colcon_core.package_identification:_identify(src) by extensions ['ros']
[3.108s] Level 1:colcon.colcon_core.package_identification:_identify(src) by extension 'ros'
[3.109s] Level 1:colcon.colcon_core.package_identification:_identify(src) by extensions ['cmake', 'python']
[3.109s] Level 1:colcon.colcon_core.package_identification:_identify(src) by extension 'cmake'
[3.109s] Level 1:colcon.colcon_core.package_identification:_identify(src) by extension 'python'
[3.109s] Level 1:colcon.colcon_core.package_identification:_identify(src) by extensions ['python_setup_py']
[3.109s] Level 1:colcon.colcon_core.package_identification:_identify(src) by extension 'python_setup_py'
[3.109s] Level 1:colcon.colcon_core.package_discovery:discover_packages(recursive) using defaults
[3.109s] Level 1:colcon.colcon_core.package_discovery:discover_packages(ignore) discover
[3.109s] Level 1:colcon.colcon_core.package_discovery:discover_packages(ignore) using defaults
[3.109s] Level 1:colcon.colcon_core.package_discovery:discover_packages(path) discover
[3.109s] Level 1:colcon.colcon_core.package_discovery:discover_packages(path) using defaults
[3.391s] Level 1:colcon.colcon_core.package_discovery:discover_packages(prefix_path) check parameters
[3.392s] Level 1:colcon.colcon_core.package_discovery:discover_packages(prefix_path) discover
[3.444s] WARNING:colcon.colcon_ros.prefix_path.ament:The path '/home/maria/Desktop/projects/ros/install/my_turtlebot_package' in the environment variable AMENT_PREFIX_PATH doesn't exist
[3.508s] DEBUG:colcon.colcon_installed_package_information.package_discovery:Found 0 installed packages in /home/maria/Desktop/projects/ros/install
[3.561s] DEBUG:colcon.colcon_installed_package_information.package_discovery:Found 280 installed packages in /opt/ros/foxy
[3.562s] Level 1:colcon.colcon_core.package_discovery:discover_packages(prefix_path) using defaults
[3.738s] INFO:colcon.colcon_core.executor:Executing jobs using 'parallel' executor
[3.798s] DEBUG:colcon.colcon_parallel_executor.executor.parallel:run_until_complete
[3.798s] DEBUG:colcon.colcon_parallel_executor.executor.parallel:closing loop
[3.798s] DEBUG:colcon.colcon_parallel_executor.executor.parallel:loop closed
[3.798s] DEBUG:colcon.colcon_parallel_executor.executor.parallel:run_until_complete finished with '0'
[3.798s] DEBUG:colcon.colcon_core.event_reactor:joining thread
[3.861s] INFO:colcon.colcon_core.plugin_system:Skipping extension 'colcon_notification.desktop_notification.terminal_notifier': Not used on non-Darwin systems
[3.861s] INFO:colcon.colcon_core.plugin_system:Skipping extension 'colcon_notification.desktop_notification.win32': Not used on non-Windows systems
[3.861s] INFO:colcon.colcon_notification.desktop_notification:Sending desktop notification using 'notify2'
[3.880s] DEBUG:colcon.colcon_core.event_reactor:joined thread
[3.948s] INFO:colcon.colcon_core.plugin_system:Skipping extension 'colcon_core.shell.bat': Not used on non-Windows systems
[3.948s] INFO:colcon.colcon_core.shell:Creating prefix script '/home/maria/Desktop/projects/ros/install/local_setup.ps1'
[3.949s] INFO:colcon.colcon_core.shell:Creating prefix util module '/home/maria/Desktop/projects/ros/install/_local_setup_util_ps1.py'
[3.950s] INFO:colcon.colcon_core.shell:Creating prefix chain script '/home/maria/Desktop/projects/ros/install/setup.ps1'
[4.005s] INFO:colcon.colcon_core.shell:Creating prefix script '/home/maria/Desktop/projects/ros/install/local_setup.sh'
[4.006s] INFO:colcon.colcon_core.shell:Creating prefix util module '/home/maria/Desktop/projects/ros/install/_local_setup_util_sh.py'
[4.006s] INFO:colcon.colcon_core.shell:Creating prefix chain script '/home/maria/Desktop/projects/ros/install/setup.sh'
[4.059s] INFO:colcon.colcon_core.shell:Creating prefix script '/home/maria/Desktop/projects/ros/install/local_setup.bash'
[4.059s] INFO:colcon.colcon_core.shell:Creating prefix chain script '/home/maria/Desktop/projects/ros/install/setup.bash'
[4.111s] INFO:colcon.colcon_core.shell:Creating prefix script '/home/maria/Desktop/projects/ros/install/local_setup.zsh'
[4.112s] INFO:colcon.colcon_core.shell:Creating prefix chain script '/home/maria/Desktop/projects/ros/install/setup.zsh'
