[0.237s] Invoking command in '/home/maria/Desktop/projects/ros/build/my_turtlebot_package': CMAKE_PREFIX_PATH=/home/maria/Desktop/projects/ros/install/my_turtlebot_package:/opt/ros/foxy /usr/bin/cmake /home/maria/Desktop/projects/ros/src/my_turtlebot_package -DCMAKE_INSTALL_PREFIX=/home/maria/Desktop/projects/ros/install/my_turtlebot_package
[0.263s] -- Found ament_cmake: 0.9.12 (/opt/ros/foxy/share/ament_cmake/cmake)
[0.289s] -- Using PYTHON_EXECUTABLE: /usr/bin/python3
[0.504s] -- Found ros2_control: 0.11.0 (/opt/ros/foxy/share/ros2_control/cmake)
[0.523s] CMake Error at CMakeLists.txt:21 (find_package):
[0.524s]   By not providing "Findros2_navigation.cmake" in CMAKE_MODULE_PATH this
[0.524s]   project has asked CMake to find a package configuration file provided by
[0.524s]   "ros2_navigation", but CMake did not find one.
[0.524s] 
[0.524s]   Could not find a package configuration file provided by "ros2_navigation"
[0.524s]   with any of the following names:
[0.524s] 
[0.525s]     ros2_navigationConfig.cmake
[0.525s]     ros2_navigation-config.cmake
[0.525s] 
[0.525s]   Add the installation prefix of "ros2_navigation" to CMAKE_PREFIX_PATH or
[0.525s]   set "ros2_navigation_DIR" to a directory containing one of the above files.
[0.525s]   If "ros2_navigation" provides a separate development package or SDK, be
[0.525s]   sure it has been installed.
[0.525s] 
[0.526s] 
[0.526s] -- Configuring incomplete, errors occurred!
[0.526s] See also "/home/maria/Desktop/projects/ros/build/my_turtlebot_package/CMakeFiles/CMakeOutput.log".
[0.528s] Invoked command in '/home/maria/Desktop/projects/ros/build/my_turtlebot_package' returned '1': CMAKE_PREFIX_PATH=/home/maria/Desktop/projects/ros/install/my_turtlebot_package:/opt/ros/foxy /usr/bin/cmake /home/maria/Desktop/projects/ros/src/my_turtlebot_package -DCMAKE_INSTALL_PREFIX=/home/maria/Desktop/projects/ros/install/my_turtlebot_package
