[2.989s] DEBUG:colcon:Command line arguments: ['/usr/bin/colcon', 'build']
[2.989s] DEBUG:colcon:Parsed command line arguments: Namespace(allow_overriding=[], ament_cmake_args=None, base_paths=['.'], build_base='build', catkin_cmake_args=None, catkin_skip_building_tests=False, cmake_args=None, cmake_clean_cache=False, cmake_clean_first=False, cmake_force_configure=False, cmake_target=None, cmake_target_skip_unavailable=False, continue_on_error=False, event_handlers=None, executor='parallel', ignore_user_meta=False, install_base='install', log_base=None, log_level=None, main=<bound method BuildVerb.main of <colcon_core.verb.build.BuildVerb object at 0x7f58b9997d30>>, merge_install=False, metas=['./colcon.meta'], packages_above=None, packages_above_and_dependencies=None, packages_above_depth=None, packages_end=None, packages_ignore=None, packages_ignore_regex=None, packages_select=None, packages_select_build_failed=False, packages_select_by_dep=None, packages_select_regex=None, packages_select_test_failures=False, packages_skip=None, packages_skip_build_finished=False, packages_skip_by_dep=None, packages_skip_regex=None, packages_skip_test_passed=False, packages_skip_up_to=None, packages_start=None, packages_up_to=None, packages_up_to_regex=None, parallel_workers=12, paths=None, symlink_install=False, test_result_base=None, verb_extension=<colcon_core.verb.build.BuildVerb object at 0x7f58b9997d30>, verb_name='build', verb_parser=<colcon_defaults.argument_parser.defaults.DefaultArgumentsDecorator object at 0x7f58b95be2b0>)
[3.114s] Level 1:colcon.colcon_core.package_discovery:discover_packages(colcon_meta) check parameters
[3.114s] Level 1:colcon.colcon_core.package_discovery:discover_packages(recursive) check parameters
[3.114s] Level 1:colcon.colcon_core.package_discovery:discover_packages(ignore) check parameters
[3.114s] Level 1:colcon.colcon_core.package_discovery:discover_packages(path) check parameters
[3.114s] Level 1:colcon.colcon_core.package_discovery:discover_packages(colcon_meta) discover
[3.114s] Level 1:colcon.colcon_core.package_discovery:discover_packages(recursive) discover
[3.114s] INFO:colcon.colcon_core.package_discovery:Crawling recursively for packages in '/home/maria/Desktop/projects/ros'
[3.114s] Level 1:colcon.colcon_core.package_identification:_identify(.) by extensions ['ignore', 'ignore_ament_install']
[3.114s] Level 1:colcon.colcon_core.package_identification:_identify(.) by extension 'ignore'
[3.115s] Level 1:colcon.colcon_core.package_identification:_identify(.) by extension 'ignore_ament_install'
[3.115s] Level 1:colcon.colcon_core.package_identification:_identify(.) by extensions ['colcon_pkg']
[3.115s] Level 1:colcon.colcon_core.package_identification:_identify(.) by extension 'colcon_pkg'
[3.115s] Level 1:colcon.colcon_core.package_identification:_identify(.) by extensions ['colcon_meta']
[3.115s] Level 1:colcon.colcon_core.package_identification:_identify(.) by extension 'colcon_meta'
[3.115s] Level 1:colcon.colcon_core.package_identification:_identify(.) by extensions ['ros']
[3.115s] Level 1:colcon.colcon_core.package_identification:_identify(.) by extension 'ros'
[3.126s] Level 1:colcon.colcon_core.package_identification:_identify(.) by extensions ['cmake', 'python']
[3.127s] Level 1:colcon.colcon_core.package_identification:_identify(.) by extension 'cmake'
[3.127s] Level 1:colcon.colcon_core.package_identification:_identify(.) by extension 'python'
[3.127s] Level 1:colcon.colcon_core.package_identification:_identify(.) by extensions ['python_setup_py']
[3.127s] Level 1:colcon.colcon_core.package_identification:_identify(.) by extension 'python_setup_py'
[3.127s] Level 1:colcon.colcon_core.package_identification:_identify(build) by extensions ['ignore', 'ignore_ament_install']
[3.127s] Level 1:colcon.colcon_core.package_identification:_identify(build) by extension 'ignore'
[3.127s] Level 1:colcon.colcon_core.package_identification:_identify(build) ignored
[3.127s] Level 1:colcon.colcon_core.package_identification:_identify(install) by extensions ['ignore', 'ignore_ament_install']
[3.127s] Level 1:colcon.colcon_core.package_identification:_identify(install) by extension 'ignore'
[3.127s] Level 1:colcon.colcon_core.package_identification:_identify(install) ignored
[3.127s] Level 1:colcon.colcon_core.package_identification:_identify(log) by extensions ['ignore', 'ignore_ament_install']
[3.127s] Level 1:colcon.colcon_core.package_identification:_identify(log) by extension 'ignore'
[3.127s] Level 1:colcon.colcon_core.package_identification:_identify(log) ignored
[3.127s] Level 1:colcon.colcon_core.package_identification:_identify(src) by extensions ['ignore', 'ignore_ament_install']
[3.128s] Level 1:colcon.colcon_core.package_identification:_identify(src) by extension 'ignore'
[3.128s] Level 1:colcon.colcon_core.package_identification:_identify(src) by extension 'ignore_ament_install'
[3.128s] Level 1:colcon.colcon_core.package_identification:_identify(src) by extensions ['colcon_pkg']
[3.128s] Level 1:colcon.colcon_core.package_identification:_identify(src) by extension 'colcon_pkg'
[3.128s] Level 1:colcon.colcon_core.package_identification:_identify(src) by extensions ['colcon_meta']
[3.128s] Level 1:colcon.colcon_core.package_identification:_identify(src) by extension 'colcon_meta'
[3.128s] Level 1:colcon.colcon_core.package_identification:_identify(src) by extensions ['ros']
[3.128s] Level 1:colcon.colcon_core.package_identification:_identify(src) by extension 'ros'
[3.128s] Level 1:colcon.colcon_core.package_identification:_identify(src) by extensions ['cmake', 'python']
[3.128s] Level 1:colcon.colcon_core.package_identification:_identify(src) by extension 'cmake'
[3.128s] Level 1:colcon.colcon_core.package_identification:_identify(src) by extension 'python'
[3.128s] Level 1:colcon.colcon_core.package_identification:_identify(src) by extensions ['python_setup_py']
[3.128s] Level 1:colcon.colcon_core.package_identification:_identify(src) by extension 'python_setup_py'
[3.128s] Level 1:colcon.colcon_core.package_identification:_identify(src/my_turtlebot_package) by extensions ['ignore', 'ignore_ament_install']
[3.128s] Level 1:colcon.colcon_core.package_identification:_identify(src/my_turtlebot_package) by extension 'ignore'
[3.128s] Level 1:colcon.colcon_core.package_identification:_identify(src/my_turtlebot_package) by extension 'ignore_ament_install'
[3.128s] Level 1:colcon.colcon_core.package_identification:_identify(src/my_turtlebot_package) by extensions ['colcon_pkg']
[3.128s] Level 1:colcon.colcon_core.package_identification:_identify(src/my_turtlebot_package) by extension 'colcon_pkg'
[3.128s] Level 1:colcon.colcon_core.package_identification:_identify(src/my_turtlebot_package) by extensions ['colcon_meta']
[3.128s] Level 1:colcon.colcon_core.package_identification:_identify(src/my_turtlebot_package) by extension 'colcon_meta'
[3.128s] Level 1:colcon.colcon_core.package_identification:_identify(src/my_turtlebot_package) by extensions ['ros']
[3.128s] Level 1:colcon.colcon_core.package_identification:_identify(src/my_turtlebot_package) by extension 'ros'
[3.131s] DEBUG:colcon.colcon_core.package_identification:Package 'src/my_turtlebot_package' with type 'ros.ament_cmake' and name 'my_turtlebot_package'
[3.131s] Level 1:colcon.colcon_core.package_discovery:discover_packages(recursive) using defaults
[3.131s] Level 1:colcon.colcon_core.package_discovery:discover_packages(ignore) discover
[3.131s] Level 1:colcon.colcon_core.package_discovery:discover_packages(ignore) using defaults
[3.131s] Level 1:colcon.colcon_core.package_discovery:discover_packages(path) discover
[3.131s] Level 1:colcon.colcon_core.package_discovery:discover_packages(path) using defaults
[3.418s] Level 1:colcon.colcon_core.package_discovery:discover_packages(prefix_path) check parameters
[3.419s] Level 1:colcon.colcon_core.package_discovery:discover_packages(prefix_path) discover
[3.471s] WARNING:colcon.colcon_ros.prefix_path.ament:The path '/home/maria/Desktop/projects/ros/install/my_turtlebot_package' in the environment variable AMENT_PREFIX_PATH doesn't exist
[3.524s] DEBUG:colcon.colcon_installed_package_information.package_discovery:Found 0 installed packages in /home/maria/Desktop/projects/ros/install
[3.576s] DEBUG:colcon.colcon_installed_package_information.package_discovery:Found 280 installed packages in /opt/ros/foxy
[3.578s] Level 1:colcon.colcon_core.package_discovery:discover_packages(prefix_path) using defaults
[3.754s] Level 5:colcon.colcon_core.verb:set package 'my_turtlebot_package' build argument 'cmake_args' from command line to 'None'
[3.754s] Level 5:colcon.colcon_core.verb:set package 'my_turtlebot_package' build argument 'cmake_target' from command line to 'None'
[3.754s] Level 5:colcon.colcon_core.verb:set package 'my_turtlebot_package' build argument 'cmake_target_skip_unavailable' from command line to 'False'
[3.755s] Level 5:colcon.colcon_core.verb:set package 'my_turtlebot_package' build argument 'cmake_clean_cache' from command line to 'False'
[3.755s] Level 5:colcon.colcon_core.verb:set package 'my_turtlebot_package' build argument 'cmake_clean_first' from command line to 'False'
[3.755s] Level 5:colcon.colcon_core.verb:set package 'my_turtlebot_package' build argument 'cmake_force_configure' from command line to 'False'
[3.755s] Level 5:colcon.colcon_core.verb:set package 'my_turtlebot_package' build argument 'ament_cmake_args' from command line to 'None'
[3.755s] Level 5:colcon.colcon_core.verb:set package 'my_turtlebot_package' build argument 'catkin_cmake_args' from command line to 'None'
[3.755s] Level 5:colcon.colcon_core.verb:set package 'my_turtlebot_package' build argument 'catkin_skip_building_tests' from command line to 'False'
[3.755s] DEBUG:colcon.colcon_core.verb:Building package 'my_turtlebot_package' with the following arguments: {'ament_cmake_args': None, 'build_base': '/home/maria/Desktop/projects/ros/build/my_turtlebot_package', 'catkin_cmake_args': None, 'catkin_skip_building_tests': False, 'cmake_args': None, 'cmake_clean_cache': False, 'cmake_clean_first': False, 'cmake_force_configure': False, 'cmake_target': None, 'cmake_target_skip_unavailable': False, 'install_base': '/home/maria/Desktop/projects/ros/install/my_turtlebot_package', 'merge_install': False, 'path': '/home/maria/Desktop/projects/ros/src/my_turtlebot_package', 'symlink_install': False, 'test_result_base': None}
[3.816s] INFO:colcon.colcon_core.executor:Executing jobs using 'parallel' executor
[3.869s] DEBUG:colcon.colcon_parallel_executor.executor.parallel:run_until_complete
[3.869s] INFO:colcon.colcon_ros.task.ament_cmake.build:Building ROS package in '/home/maria/Desktop/projects/ros/src/my_turtlebot_package' with build type 'ament_cmake'
[3.869s] INFO:colcon.colcon_cmake.task.cmake.build:Building CMake package in '/home/maria/Desktop/projects/ros/src/my_turtlebot_package'
[3.923s] INFO:colcon.colcon_core.plugin_system:Skipping extension 'colcon_core.shell.bat': Not used on non-Windows systems
[3.923s] INFO:colcon.colcon_core.shell:Skip shell extension 'powershell' for command environment: Not usable outside of PowerShell
[3.923s] DEBUG:colcon.colcon_core.shell:Skip shell extension 'dsv' for command environment
[4.089s] DEBUG:colcon.colcon_core.event_handler.log_command:Invoking command in '/home/maria/Desktop/projects/ros/build/my_turtlebot_package': CMAKE_PREFIX_PATH=/home/maria/Desktop/projects/ros/install/my_turtlebot_package:/opt/ros/foxy /usr/bin/cmake /home/maria/Desktop/projects/ros/src/my_turtlebot_package -DCMAKE_INSTALL_PREFIX=/home/maria/Desktop/projects/ros/install/my_turtlebot_package
[5.112s] DEBUG:colcon.colcon_core.event_handler.log_command:Invoked command in '/home/maria/Desktop/projects/ros/build/my_turtlebot_package' returned '1': CMAKE_PREFIX_PATH=/home/maria/Desktop/projects/ros/install/my_turtlebot_package:/opt/ros/foxy /usr/bin/cmake /home/maria/Desktop/projects/ros/src/my_turtlebot_package -DCMAKE_INSTALL_PREFIX=/home/maria/Desktop/projects/ros/install/my_turtlebot_package
[5.123s] Level 1:colcon.colcon_core.environment:create_environment_scripts_only(my_turtlebot_package)
[5.182s] Level 1:colcon.colcon_core.environment:checking '/home/maria/Desktop/projects/ros/install/my_turtlebot_package' for CMake module files
[5.183s] Level 1:colcon.colcon_core.environment:checking '/home/maria/Desktop/projects/ros/install/my_turtlebot_package' for CMake config files
[5.183s] Level 1:colcon.colcon_core.environment:checking '/home/maria/Desktop/projects/ros/install/my_turtlebot_package/bin'
[5.183s] Level 1:colcon.colcon_core.environment:checking '/home/maria/Desktop/projects/ros/install/my_turtlebot_package/lib/pkgconfig/my_turtlebot_package.pc'
[5.183s] Level 1:colcon.colcon_core.environment:checking '/home/maria/Desktop/projects/ros/install/my_turtlebot_package/lib/python3.8/site-packages'
[5.184s] Level 1:colcon.colcon_core.environment:checking '/home/maria/Desktop/projects/ros/install/my_turtlebot_package/bin'
[5.244s] INFO:colcon.colcon_core.shell:Creating package script '/home/maria/Desktop/projects/ros/install/my_turtlebot_package/share/my_turtlebot_package/package.ps1'
[5.245s] INFO:colcon.colcon_core.shell:Creating package descriptor '/home/maria/Desktop/projects/ros/install/my_turtlebot_package/share/my_turtlebot_package/package.dsv'
[5.246s] INFO:colcon.colcon_core.shell:Creating package script '/home/maria/Desktop/projects/ros/install/my_turtlebot_package/share/my_turtlebot_package/package.sh'
[5.246s] INFO:colcon.colcon_core.shell:Creating package script '/home/maria/Desktop/projects/ros/install/my_turtlebot_package/share/my_turtlebot_package/package.bash'
[5.247s] INFO:colcon.colcon_core.shell:Creating package script '/home/maria/Desktop/projects/ros/install/my_turtlebot_package/share/my_turtlebot_package/package.zsh'
[5.247s] Level 1:colcon.colcon_core.environment:create_file_with_runtime_dependencies(/home/maria/Desktop/projects/ros/install/my_turtlebot_package/share/colcon-core/packages/my_turtlebot_package)
[5.258s] DEBUG:colcon.colcon_parallel_executor.executor.parallel:closing loop
[5.258s] DEBUG:colcon.colcon_parallel_executor.executor.parallel:loop closed
[5.258s] DEBUG:colcon.colcon_parallel_executor.executor.parallel:run_until_complete finished with '1'
[5.258s] DEBUG:colcon.colcon_core.event_reactor:joining thread
[5.328s] INFO:colcon.colcon_core.plugin_system:Skipping extension 'colcon_notification.desktop_notification.terminal_notifier': Not used on non-Darwin systems
[5.328s] INFO:colcon.colcon_core.plugin_system:Skipping extension 'colcon_notification.desktop_notification.win32': Not used on non-Windows systems
[5.328s] INFO:colcon.colcon_notification.desktop_notification:Sending desktop notification using 'notify2'
[5.350s] DEBUG:colcon.colcon_core.event_reactor:joined thread
[5.405s] INFO:colcon.colcon_core.shell:Creating prefix script '/home/maria/Desktop/projects/ros/install/local_setup.ps1'
[5.406s] INFO:colcon.colcon_core.shell:Creating prefix util module '/home/maria/Desktop/projects/ros/install/_local_setup_util_ps1.py'
[5.407s] INFO:colcon.colcon_core.shell:Creating prefix chain script '/home/maria/Desktop/projects/ros/install/setup.ps1'
[5.460s] INFO:colcon.colcon_core.shell:Creating prefix script '/home/maria/Desktop/projects/ros/install/local_setup.sh'
[5.460s] INFO:colcon.colcon_core.shell:Creating prefix util module '/home/maria/Desktop/projects/ros/install/_local_setup_util_sh.py'
[5.461s] INFO:colcon.colcon_core.shell:Creating prefix chain script '/home/maria/Desktop/projects/ros/install/setup.sh'
[5.514s] INFO:colcon.colcon_core.shell:Creating prefix script '/home/maria/Desktop/projects/ros/install/local_setup.bash'
[5.515s] INFO:colcon.colcon_core.shell:Creating prefix chain script '/home/maria/Desktop/projects/ros/install/setup.bash'
[5.568s] INFO:colcon.colcon_core.shell:Creating prefix script '/home/maria/Desktop/projects/ros/install/local_setup.zsh'
[5.569s] INFO:colcon.colcon_core.shell:Creating prefix chain script '/home/maria/Desktop/projects/ros/install/setup.zsh'
